This file contains any messages produced by compilers while
running configure, to aid debugging if configure makes a mistake.

It was created by tascamgtk configure 0.4, which was
generated by GNU Autoconf 2.69.  Invocation command line was

  $ ./configure CC=/usr/bin/gcc CXX=/usr/bin/g++ CFLAGS=-g3 -gdwarf-2 CXXFLAGS=-g3 -gdwarf-2

## --------- ##
## Platform. ##
## --------- ##

hostname = onkel-CELSIUS-H720
uname -m = x86_64
uname -r = 5.4.0-58-lowlatency
uname -s = Linux
uname -v = #64-Ubuntu SMP PREEMPT Wed Dec 9 09:48:08 UTC 2020

/usr/bin/uname -p = x86_64
/bin/uname -X     = unknown

/bin/arch              = x86_64
/usr/bin/arch -k       = unknown
/usr/convex/getsysinfo = unknown
/usr/bin/hostinfo      = unknown
/bin/machine           = unknown
/usr/bin/oslevel       = unknown
/bin/universe          = unknown

PATH: /usr/bin
PATH: /usr/local/sbin
PATH: /usr/local/bin
PATH: /usr/sbin
PATH: /usr/bin
PATH: /sbin
PATH: /bin
PATH: /usr/games
PATH: /usr/local/games
PATH: /snap/bin


## ----------- ##
## Core tests. ##
## ----------- ##

configure:2327: checking for a BSD-compatible install
configure:2395: result: /usr/bin/install -c
configure:2406: checking whether build environment is sane
configure:2461: result: yes
configure:2610: checking for a thread-safe mkdir -p
configure:2649: result: /usr/bin/mkdir -p
configure:2656: checking for gawk
configure:2672: found /usr/bin/gawk
configure:2683: result: gawk
configure:2694: checking whether make sets $(MAKE)
configure:2716: result: yes
configure:2745: checking whether make supports nested variables
configure:2762: result: yes
configure:3001: checking for C++ compiler version
configure:3010: /usr/bin/g++ --version >&5
g++ (Ubuntu 9.3.0-17ubuntu1~20.04) 9.3.0
Copyright (C) 2019 Free Software Foundation, Inc.
This is free software; see the source for copying conditions.  There is NO
warranty; not even for MERCHANTABILITY or FITNESS FOR A PARTICULAR PURPOSE.

configure:3021: $? = 0
configure:3010: /usr/bin/g++ -v >&5
Using built-in specs.
COLLECT_GCC=/usr/bin/g++
COLLECT_LTO_WRAPPER=/usr/lib/gcc/x86_64-linux-gnu/9/lto-wrapper
OFFLOAD_TARGET_NAMES=nvptx-none:hsa
OFFLOAD_TARGET_DEFAULT=1
Target: x86_64-linux-gnu
Configured with: ../src/configure -v --with-pkgversion='Ubuntu 9.3.0-17ubuntu1~20.04' --with-bugurl=file:///usr/share/doc/gcc-9/README.Bugs --enable-languages=c,ada,c++,go,brig,d,fortran,objc,obj-c++,gm2 --prefix=/usr --with-gcc-major-version-only --program-suffix=-9 --program-prefix=x86_64-linux-gnu- --enable-shared --enable-linker-build-id --libexecdir=/usr/lib --without-included-gettext --enable-threads=posix --libdir=/usr/lib --enable-nls --enable-clocale=gnu --enable-libstdcxx-debug --enable-libstdcxx-time=yes --with-default-libstdcxx-abi=new --enable-gnu-unique-object --disable-vtable-verify --enable-plugin --enable-default-pie --with-system-zlib --with-target-system-zlib=auto --enable-objc-gc=auto --enable-multiarch --disable-werror --with-arch-32=i686 --with-abi=m64 --with-multilib-list=m32,m64,mx32 --enable-multilib --with-tune=generic --enable-offload-targets=nvptx-none=/build/gcc-9-HskZEa/gcc-9-9.3.0/debian/tmp-nvptx/usr,hsa --without-cuda-driver --enable-checking=release --build=x86_64-linux-gnu --host=x86_64-linux-gnu --target=x86_64-linux-gnu
Thread model: posix
gcc version 9.3.0 (Ubuntu 9.3.0-17ubuntu1~20.04) 
configure:3021: $? = 0
configure:3010: /usr/bin/g++ -V >&5
g++: error: unrecognized command line option '-V'
g++: fatal error: no input files
compilation terminated.
configure:3021: $? = 1
configure:3010: /usr/bin/g++ -qversion >&5
g++: error: unrecognized command line option '-qversion'; did you mean '--version'?
g++: fatal error: no input files
compilation terminated.
configure:3021: $? = 1
configure:3041: checking whether the C++ compiler works
configure:3063: /usr/bin/g++ -g3 -gdwarf-2   conftest.cpp  >&5
configure:3067: $? = 0
configure:3115: result: yes
configure:3118: checking for C++ compiler default output file name
configure:3120: result: a.out
configure:3126: checking for suffix of executables
configure:3133: /usr/bin/g++ -o conftest -g3 -gdwarf-2   conftest.cpp  >&5
configure:3137: $? = 0
configure:3159: result: 
configure:3181: checking whether we are cross compiling
configure:3189: /usr/bin/g++ -o conftest -g3 -gdwarf-2   conftest.cpp  >&5
configure:3193: $? = 0
configure:3200: ./conftest
configure:3204: $? = 0
configure:3192: result: no
configure:3197: checking for suffix of object files
configure:3219: /usr/bin/g++ -c -g3 -gdwarf-2  conftest.cpp >&5
configure:3223: $? = 0
configure:3244: result: o
configure:3248: checking whether we are using the GNU C++ compiler
configure:3267: /usr/bin/g++ -c -g3 -gdwarf-2  conftest.cpp >&5
configure:3267: $? = 0
configure:3276: result: yes
configure:3285: checking whether /usr/bin/g++ accepts -g
configure:3305: /usr/bin/g++ -c -g  conftest.cpp >&5
configure:3305: $? = 0
configure:3346: result: yes
configure:3372: checking whether make supports the include directive
configure:3387: make -f confmf.GNU && cat confinc.out
this is the am__doit target
configure:3390: $? = 0
configure:3409: result: yes (GNU style)
configure:3434: checking dependency style of /usr/bin/g++
configure:3545: result: gcc3
configure:3636: checking for pkg-config
configure:3654: found /usr/bin/pkg-config
configure:3666: result: /usr/bin/pkg-config
configure:3691: checking pkg-config is at least version 0.9.0
configure:3694: result: yes
configure:3704: checking for GTKMM3
configure:3711: $PKG_CONFIG --exists --print-errors "gtkmm-3.0"
configure:3714: $? = 0
configure:3728: $PKG_CONFIG --exists --print-errors "gtkmm-3.0"
configure:3731: $? = 0
configure:3789: result: yes
configure:3795: checking for XML2
configure:3802: $PKG_CONFIG --exists --print-errors "libxml++-2.6"
configure:3805: $? = 0
configure:3819: $PKG_CONFIG --exists --print-errors "libxml++-2.6"
configure:3822: $? = 0
configure:3880: result: yes
configure:3886: checking for LO
configure:3893: $PKG_CONFIG --exists --print-errors "liblo"
configure:3896: $? = 0
configure:3910: $PKG_CONFIG --exists --print-errors "liblo"
configure:3913: $? = 0
configure:3971: result: yes
configure:4044: checking for pkg-config
configure:4074: result: /usr/bin/pkg-config
configure:4099: checking pkg-config is at least version 0.16
configure:4102: result: yes
configure:4118: $PKG_CONFIG --exists --print-errors "gio-2.0"
configure:4121: $? = 0
configure:4281: checking for gcc
configure:4308: result: /usr/bin/gcc
configure:4537: checking for C compiler version
configure:4546: /usr/bin/gcc --version >&5
gcc (Ubuntu 9.3.0-17ubuntu1~20.04) 9.3.0
Copyright (C) 2019 Free Software Foundation, Inc.
This is free software; see the source for copying conditions.  There is NO
warranty; not even for MERCHANTABILITY or FITNESS FOR A PARTICULAR PURPOSE.

configure:4557: $? = 0
configure:4546: /usr/bin/gcc -v >&5
Using built-in specs.
COLLECT_GCC=/usr/bin/gcc
COLLECT_LTO_WRAPPER=/usr/lib/gcc/x86_64-linux-gnu/9/lto-wrapper
OFFLOAD_TARGET_NAMES=nvptx-none:hsa
OFFLOAD_TARGET_DEFAULT=1
Target: x86_64-linux-gnu
Configured with: ../src/configure -v --with-pkgversion='Ubuntu 9.3.0-17ubuntu1~20.04' --with-bugurl=file:///usr/share/doc/gcc-9/README.Bugs --enable-languages=c,ada,c++,go,brig,d,fortran,objc,obj-c++,gm2 --prefix=/usr --with-gcc-major-version-only --program-suffix=-9 --program-prefix=x86_64-linux-gnu- --enable-shared --enable-linker-build-id --libexecdir=/usr/lib --without-included-gettext --enable-threads=posix --libdir=/usr/lib --enable-nls --enable-clocale=gnu --enable-libstdcxx-debug --enable-libstdcxx-time=yes --with-default-libstdcxx-abi=new --enable-gnu-unique-object --disable-vtable-verify --enable-plugin --enable-default-pie --with-system-zlib --with-target-system-zlib=auto --enable-objc-gc=auto --enable-multiarch --disable-werror --with-arch-32=i686 --with-abi=m64 --with-multilib-list=m32,m64,mx32 --enable-multilib --with-tune=generic --enable-offload-targets=nvptx-none=/build/gcc-9-HskZEa/gcc-9-9.3.0/debian/tmp-nvptx/usr,hsa --without-cuda-driver --enable-checking=release --build=x86_64-linux-gnu --host=x86_64-linux-gnu --target=x86_64-linux-gnu
Thread model: posix
gcc version 9.3.0 (Ubuntu 9.3.0-17ubuntu1~20.04) 
configure:4557: $? = 0
configure:4546: /usr/bin/gcc -V >&5
gcc: error: unrecognized command line option '-V'
gcc: fatal error: no input files
compilation terminated.
configure:4557: $? = 1
configure:4546: /usr/bin/gcc -qversion >&5
gcc: error: unrecognized command line option '-qversion'; did you mean '--version'?
gcc: fatal error: no input files
compilation terminated.
configure:4557: $? = 1
configure:4561: checking whether we are using the GNU C compiler
configure:4580: /usr/bin/gcc -c -g3 -gdwarf-2  conftest.c >&5
configure:4580: $? = 0
configure:4589: result: yes
configure:4598: checking whether /usr/bin/gcc accepts -g
configure:4618: /usr/bin/gcc -c -g  conftest.c >&5
configure:4618: $? = 0
configure:4659: result: yes
configure:4676: checking for /usr/bin/gcc option to accept ISO C89
configure:4739: /usr/bin/gcc  -c -g3 -gdwarf-2  conftest.c >&5
configure:4739: $? = 0
configure:4752: result: none needed
configure:4777: checking whether /usr/bin/gcc understands -c and -o together
configure:4799: /usr/bin/gcc -c conftest.c -o conftest2.o
configure:4802: $? = 0
configure:4799: /usr/bin/gcc -c conftest.c -o conftest2.o
configure:4802: $? = 0
configure:4814: result: yes
configure:4833: checking dependency style of /usr/bin/gcc
configure:4944: result: gcc3
configure:4965: checking how to run the C preprocessor
configure:4996: /usr/bin/gcc -E  conftest.c
configure:4996: $? = 0
configure:5010: /usr/bin/gcc -E  conftest.c
conftest.c:11:10: fatal error: ac_nonexistent.h: No such file or directory
   11 | #include <ac_nonexistent.h>
      |          ^~~~~~~~~~~~~~~~~~
compilation terminated.
configure:5010: $? = 1
configure: failed program was:
| /* confdefs.h */
| #define PACKAGE_NAME "tascamgtk"
| #define PACKAGE_TARNAME "tascamgtk"
| #define PACKAGE_VERSION "0.4"
| #define PACKAGE_STRING "tascamgtk 0.4"
| #define PACKAGE_BUGREPORT "onkel@paraair.de"
| #define PACKAGE_URL ""
| #define PACKAGE "tascamgtk"
| #define VERSION "0.4"
| /* end confdefs.h.  */
| #include <ac_nonexistent.h>
configure:5035: result: /usr/bin/gcc -E
configure:5055: /usr/bin/gcc -E  conftest.c
configure:5055: $? = 0
configure:5069: /usr/bin/gcc -E  conftest.c
conftest.c:11:10: fatal error: ac_nonexistent.h: No such file or directory
   11 | #include <ac_nonexistent.h>
      |          ^~~~~~~~~~~~~~~~~~
compilation terminated.
configure:5069: $? = 1
configure: failed program was:
| /* confdefs.h */
| #define PACKAGE_NAME "tascamgtk"
| #define PACKAGE_TARNAME "tascamgtk"
| #define PACKAGE_VERSION "0.4"
| #define PACKAGE_STRING "tascamgtk 0.4"
| #define PACKAGE_BUGREPORT "onkel@paraair.de"
| #define PACKAGE_URL ""
| #define PACKAGE "tascamgtk"
| #define VERSION "0.4"
| /* end confdefs.h.  */
| #include <ac_nonexistent.h>
configure:5098: checking for grep that handles long lines and -e
configure:5156: result: /usr/bin/grep
configure:5161: checking for egrep
configure:5223: result: /usr/bin/grep -E
configure:5228: checking for ANSI C header files
configure:5248: /usr/bin/gcc -c -g3 -gdwarf-2  conftest.c >&5
configure:5248: $? = 0
configure:5321: /usr/bin/gcc -o conftest -g3 -gdwarf-2   conftest.c  >&5
configure:5321: $? = 0
configure:5321: ./conftest
configure:5321: $? = 0
configure:5332: result: yes
configure:5345: checking for sys/types.h
configure:5345: /usr/bin/gcc -c -g3 -gdwarf-2  conftest.c >&5
configure:5345: $? = 0
configure:5345: result: yes
configure:5345: checking for sys/stat.h
configure:5345: /usr/bin/gcc -c -g3 -gdwarf-2  conftest.c >&5
configure:5345: $? = 0
configure:5345: result: yes
configure:5345: checking for stdlib.h
configure:5345: /usr/bin/gcc -c -g3 -gdwarf-2  conftest.c >&5
configure:5345: $? = 0
configure:5345: result: yes
configure:5345: checking for string.h
configure:5345: /usr/bin/gcc -c -g3 -gdwarf-2  conftest.c >&5
configure:5345: $? = 0
configure:5345: result: yes
configure:5345: checking for memory.h
configure:5345: /usr/bin/gcc -c -g3 -gdwarf-2  conftest.c >&5
configure:5345: $? = 0
configure:5345: result: yes
configure:5345: checking for strings.h
configure:5345: /usr/bin/gcc -c -g3 -gdwarf-2  conftest.c >&5
configure:5345: $? = 0
configure:5345: result: yes
configure:5345: checking for inttypes.h
configure:5345: /usr/bin/gcc -c -g3 -gdwarf-2  conftest.c >&5
configure:5345: $? = 0
configure:5345: result: yes
configure:5345: checking for stdint.h
configure:5345: /usr/bin/gcc -c -g3 -gdwarf-2  conftest.c >&5
configure:5345: $? = 0
configure:5345: result: yes
configure:5345: checking for unistd.h
configure:5345: /usr/bin/gcc -c -g3 -gdwarf-2  conftest.c >&5
configure:5345: $? = 0
configure:5345: result: yes
configure:5357: checking for stdbool.h that conforms to C99
configure:5424: /usr/bin/gcc -c -g3 -gdwarf-2  conftest.c >&5
configure:5424: $? = 0
configure:5431: result: yes
configure:5433: checking for _Bool
configure:5433: /usr/bin/gcc -c -g3 -gdwarf-2  conftest.c >&5
configure:5433: $? = 0
configure:5433: /usr/bin/gcc -c -g3 -gdwarf-2  conftest.c >&5
conftest.c: In function 'main':
conftest.c:57:20: error: expected expression before ')' token
   57 | if (sizeof ((_Bool)))
      |                    ^
configure:5433: $? = 1
configure: failed program was:
| /* confdefs.h */
| #define PACKAGE_NAME "tascamgtk"
| #define PACKAGE_TARNAME "tascamgtk"
| #define PACKAGE_VERSION "0.4"
| #define PACKAGE_STRING "tascamgtk 0.4"
| #define PACKAGE_BUGREPORT "onkel@paraair.de"
| #define PACKAGE_URL ""
| #define PACKAGE "tascamgtk"
| #define VERSION "0.4"
| #define STDC_HEADERS 1
| #define HAVE_SYS_TYPES_H 1
| #define HAVE_SYS_STAT_H 1
| #define HAVE_STDLIB_H 1
| #define HAVE_STRING_H 1
| #define HAVE_MEMORY_H 1
| #define HAVE_STRINGS_H 1
| #define HAVE_INTTYPES_H 1
| #define HAVE_STDINT_H 1
| #define HAVE_UNISTD_H 1
| /* end confdefs.h.  */
| #include <stdio.h>
| #ifdef HAVE_SYS_TYPES_H
| # include <sys/types.h>
| #endif
| #ifdef HAVE_SYS_STAT_H
| # include <sys/stat.h>
| #endif
| #ifdef STDC_HEADERS
| # include <stdlib.h>
| # include <stddef.h>
| #else
| # ifdef HAVE_STDLIB_H
| #  include <stdlib.h>
| # endif
| #endif
| #ifdef HAVE_STRING_H
| # if !defined STDC_HEADERS && defined HAVE_MEMORY_H
| #  include <memory.h>
| # endif
| # include <string.h>
| #endif
| #ifdef HAVE_STRINGS_H
| # include <strings.h>
| #endif
| #ifdef HAVE_INTTYPES_H
| # include <inttypes.h>
| #endif
| #ifdef HAVE_STDINT_H
| # include <stdint.h>
| #endif
| #ifdef HAVE_UNISTD_H
| # include <unistd.h>
| #endif
| int
| main ()
| {
| if (sizeof ((_Bool)))
| 	    return 0;
|   ;
|   return 0;
| }
configure:5433: result: yes
configure:5447: checking for memset
configure:5447: /usr/bin/gcc -o conftest -g3 -gdwarf-2   conftest.c  >&5
conftest.c:45:6: warning: conflicting types for built-in function 'memset'; expected 'void *(void *, int,  long unsigned int)' [-Wbuiltin-declaration-mismatch]
   45 | char memset ();
      |      ^~~~~~
conftest.c:33:1: note: 'memset' is declared in header '<string.h>'
   32 | # include <limits.h>
   33 | #else
configure:5447: $? = 0
configure:5447: result: yes
configure:5458: checking for strdup
configure:5458: /usr/bin/gcc -o conftest -g3 -gdwarf-2   conftest.c  >&5
conftest.c:46:6: warning: conflicting types for built-in function 'strdup'; expected 'char *(const char *)' [-Wbuiltin-declaration-mismatch]
   46 | char strdup ();
      |      ^~~~~~
configure:5458: $? = 0
configure:5458: result: yes
configure:5469: checking for strstr
configure:5469: /usr/bin/gcc -o conftest -g3 -gdwarf-2   conftest.c  >&5
conftest.c:47:6: warning: conflicting types for built-in function 'strstr'; expected 'char *(const char *, const char *)' [-Wbuiltin-declaration-mismatch]
   47 | char strstr ();
      |      ^~~~~~
conftest.c:35:1: note: 'strstr' is declared in header '<string.h>'
   34 | # include <limits.h>
   35 | #else
configure:5469: $? = 0
configure:5469: result: yes
configure:5480: checking for lo_message_serialise
configure:5480: /usr/bin/gcc -o conftest -g3 -gdwarf-2   conftest.c  >&5
/usr/bin/ld: /tmp/ccOoCT61.o: in function `main':
/home/onkel/Projects/github/autoX32/conftest.c:59: undefined reference to `lo_message_serialise'
collect2: error: ld returned 1 exit status
configure:5480: $? = 1
configure: failed program was:
| /* confdefs.h */
| #define PACKAGE_NAME "tascamgtk"
| #define PACKAGE_TARNAME "tascamgtk"
| #define PACKAGE_VERSION "0.4"
| #define PACKAGE_STRING "tascamgtk 0.4"
| #define PACKAGE_BUGREPORT "onkel@paraair.de"
| #define PACKAGE_URL ""
| #define PACKAGE "tascamgtk"
| #define VERSION "0.4"
| #define STDC_HEADERS 1
| #define HAVE_SYS_TYPES_H 1
| #define HAVE_SYS_STAT_H 1
| #define HAVE_STDLIB_H 1
| #define HAVE_STRING_H 1
| #define HAVE_MEMORY_H 1
| #define HAVE_STRINGS_H 1
| #define HAVE_INTTYPES_H 1
| #define HAVE_STDINT_H 1
| #define HAVE_UNISTD_H 1
| #define HAVE__BOOL 1
| #define HAVE_MEMSET 1
| #define HAVE_STRDUP 1
| #define HAVE_STRSTR 1
| /* end confdefs.h.  */
| /* Define lo_message_serialise to an innocuous variant, in case <limits.h> declares lo_message_serialise.
|    For example, HP-UX 11i <limits.h> declares gettimeofday.  */
| #define lo_message_serialise innocuous_lo_message_serialise
| 
| /* System header to define __stub macros and hopefully few prototypes,
|     which can conflict with char lo_message_serialise (); below.
|     Prefer <limits.h> to <assert.h> if __STDC__ is defined, since
|     <limits.h> exists even on freestanding compilers.  */
| 
| #ifdef __STDC__
| # include <limits.h>
| #else
| # include <assert.h>
| #endif
| 
| #undef lo_message_serialise
| 
| /* Override any GCC internal prototype to avoid an error.
|    Use char because int might match the return type of a GCC
|    builtin and then its argument prototype would still apply.  */
| #ifdef __cplusplus
| extern "C"
| #endif
| char lo_message_serialise ();
| /* The GNU C library defines this for functions which it implements
|     to always fail with ENOSYS.  Some functions are actually named
|     something starting with __ and the normal name is an alias.  */
| #if defined __stub_lo_message_serialise || defined __stub___lo_message_serialise
| choke me
| #endif
| 
| int
| main ()
| {
| return lo_message_serialise ();
|   ;
|   return 0;
| }
configure:5480: result: no
configure:5489: checking for int32_t
configure:5489: /usr/bin/gcc -c -g3 -gdwarf-2  conftest.c >&5
configure:5489: $? = 0
configure:5489: /usr/bin/gcc -c -g3 -gdwarf-2  conftest.c >&5
conftest.c: In function 'main':
conftest.c:63:53: warning: integer overflow in expression of type 'int' results in '-2147483648' [-Woverflow]
   63 |    < (int32_t) (((((int32_t) 1 << N) << N) - 1) * 2 + 2))];
      |                                                     ^
conftest.c:62:12: error: storage size of 'test_array' isn't constant
   62 | static int test_array [1 - 2 * !((int32_t) (((((int32_t) 1 << N) << N) - 1) * 2 + 1)
      |            ^~~~~~~~~~
configure:5489: $? = 1
configure: failed program was:
| /* confdefs.h */
| #define PACKAGE_NAME "tascamgtk"
| #define PACKAGE_TARNAME "tascamgtk"
| #define PACKAGE_VERSION "0.4"
| #define PACKAGE_STRING "tascamgtk 0.4"
| #define PACKAGE_BUGREPORT "onkel@paraair.de"
| #define PACKAGE_URL ""
| #define PACKAGE "tascamgtk"
| #define VERSION "0.4"
| #define STDC_HEADERS 1
| #define HAVE_SYS_TYPES_H 1
| #define HAVE_SYS_STAT_H 1
| #define HAVE_STDLIB_H 1
| #define HAVE_STRING_H 1
| #define HAVE_MEMORY_H 1
| #define HAVE_STRINGS_H 1
| #define HAVE_INTTYPES_H 1
| #define HAVE_STDINT_H 1
| #define HAVE_UNISTD_H 1
| #define HAVE__BOOL 1
| #define HAVE_MEMSET 1
| #define HAVE_STRDUP 1
| #define HAVE_STRSTR 1
| /* end confdefs.h.  */
| #include <stdio.h>
| #ifdef HAVE_SYS_TYPES_H
| # include <sys/types.h>
| #endif
| #ifdef HAVE_SYS_STAT_H
| # include <sys/stat.h>
| #endif
| #ifdef STDC_HEADERS
| # include <stdlib.h>
| # include <stddef.h>
| #else
| # ifdef HAVE_STDLIB_H
| #  include <stdlib.h>
| # endif
| #endif
| #ifdef HAVE_STRING_H
| # if !defined STDC_HEADERS && defined HAVE_MEMORY_H
| #  include <memory.h>
| # endif
| # include <string.h>
| #endif
| #ifdef HAVE_STRINGS_H
| # include <strings.h>
| #endif
| #ifdef HAVE_INTTYPES_H
| # include <inttypes.h>
| #endif
| #ifdef HAVE_STDINT_H
| # include <stdint.h>
| #endif
| #ifdef HAVE_UNISTD_H
| # include <unistd.h>
| #endif
| 	        enum { N = 32 / 2 - 1 };
| int
| main ()
| {
| static int test_array [1 - 2 * !((int32_t) (((((int32_t) 1 << N) << N) - 1) * 2 + 1)
| 		 < (int32_t) (((((int32_t) 1 << N) << N) - 1) * 2 + 2))];
| test_array [0] = 0;
| return test_array [0];
| 
|   ;
|   return 0;
| }
configure:5489: result: yes
configure:5500: checking for size_t
configure:5500: /usr/bin/gcc -c -g3 -gdwarf-2  conftest.c >&5
configure:5500: $? = 0
configure:5500: /usr/bin/gcc -c -g3 -gdwarf-2  conftest.c >&5
conftest.c: In function 'main':
conftest.c:61:21: error: expected expression before ')' token
   61 | if (sizeof ((size_t)))
      |                     ^
configure:5500: $? = 1
configure: failed program was:
| /* confdefs.h */
| #define PACKAGE_NAME "tascamgtk"
| #define PACKAGE_TARNAME "tascamgtk"
| #define PACKAGE_VERSION "0.4"
| #define PACKAGE_STRING "tascamgtk 0.4"
| #define PACKAGE_BUGREPORT "onkel@paraair.de"
| #define PACKAGE_URL ""
| #define PACKAGE "tascamgtk"
| #define VERSION "0.4"
| #define STDC_HEADERS 1
| #define HAVE_SYS_TYPES_H 1
| #define HAVE_SYS_STAT_H 1
| #define HAVE_STDLIB_H 1
| #define HAVE_STRING_H 1
| #define HAVE_MEMORY_H 1
| #define HAVE_STRINGS_H 1
| #define HAVE_INTTYPES_H 1
| #define HAVE_STDINT_H 1
| #define HAVE_UNISTD_H 1
| #define HAVE__BOOL 1
| #define HAVE_MEMSET 1
| #define HAVE_STRDUP 1
| #define HAVE_STRSTR 1
| /* end confdefs.h.  */
| #include <stdio.h>
| #ifdef HAVE_SYS_TYPES_H
| # include <sys/types.h>
| #endif
| #ifdef HAVE_SYS_STAT_H
| # include <sys/stat.h>
| #endif
| #ifdef STDC_HEADERS
| # include <stdlib.h>
| # include <stddef.h>
| #else
| # ifdef HAVE_STDLIB_H
| #  include <stdlib.h>
| # endif
| #endif
| #ifdef HAVE_STRING_H
| # if !defined STDC_HEADERS && defined HAVE_MEMORY_H
| #  include <memory.h>
| # endif
| # include <string.h>
| #endif
| #ifdef HAVE_STRINGS_H
| # include <strings.h>
| #endif
| #ifdef HAVE_INTTYPES_H
| # include <inttypes.h>
| #endif
| #ifdef HAVE_STDINT_H
| # include <stdint.h>
| #endif
| #ifdef HAVE_UNISTD_H
| # include <unistd.h>
| #endif
| int
| main ()
| {
| if (sizeof ((size_t)))
| 	    return 0;
|   ;
|   return 0;
| }
configure:5500: result: yes
configure:5618: checking that generated files are newer than configure
configure:5624: result: done
configure:5655: creating ./config.status

## ---------------------- ##
## Running config.status. ##
## ---------------------- ##

This file was extended by tascamgtk config.status 0.4, which was
generated by GNU Autoconf 2.69.  Invocation command line was

  CONFIG_FILES    = 
  CONFIG_HEADERS  = 
  CONFIG_LINKS    = 
  CONFIG_COMMANDS = 
  $ ./config.status 

on onkel-CELSIUS-H720

config.status:926: creating Makefile
config.status:926: creating config.h
config.status:1107: config.h is unchanged
config.status:1155: executing depfiles commands
config.status:1232: cd .       && sed -e '/# am--include-marker/d' Makefile         | make -f - am--depfiles
make: Nothing to be done for 'am--depfiles'.
config.status:1237: $? = 0

## ---------------- ##
## Cache variables. ##
## ---------------- ##

ac_cv_c_compiler_gnu=yes
ac_cv_c_int32_t=yes
ac_cv_cxx_compiler_gnu=yes
ac_cv_env_CCC_set=
ac_cv_env_CCC_value=
ac_cv_env_CC_set=set
ac_cv_env_CC_value=/usr/bin/gcc
ac_cv_env_CFLAGS_set=set
ac_cv_env_CFLAGS_value='-g3 -gdwarf-2'
ac_cv_env_CPPFLAGS_set=
ac_cv_env_CPPFLAGS_value=
ac_cv_env_CPP_set=
ac_cv_env_CPP_value=
ac_cv_env_CXXFLAGS_set=set
ac_cv_env_CXXFLAGS_value='-g3 -gdwarf-2'
ac_cv_env_CXX_set=set
ac_cv_env_CXX_value=/usr/bin/g++
ac_cv_env_GLIB_COMPILE_SCHEMAS_set=
ac_cv_env_GLIB_COMPILE_SCHEMAS_value=
ac_cv_env_GTKMM3_CFLAGS_set=
ac_cv_env_GTKMM3_CFLAGS_value=
ac_cv_env_GTKMM3_LIBS_set=
ac_cv_env_GTKMM3_LIBS_value=
ac_cv_env_LDFLAGS_set=
ac_cv_env_LDFLAGS_value=
ac_cv_env_LIBS_set=
ac_cv_env_LIBS_value=
ac_cv_env_LO_CFLAGS_set=
ac_cv_env_LO_CFLAGS_value=
ac_cv_env_LO_LIBS_set=
ac_cv_env_LO_LIBS_value=
ac_cv_env_PKG_CONFIG_LIBDIR_set=
ac_cv_env_PKG_CONFIG_LIBDIR_value=
ac_cv_env_PKG_CONFIG_PATH_set=
ac_cv_env_PKG_CONFIG_PATH_value=
ac_cv_env_PKG_CONFIG_set=
ac_cv_env_PKG_CONFIG_value=
ac_cv_env_XML2_CFLAGS_set=
ac_cv_env_XML2_CFLAGS_value=
ac_cv_env_XML2_LIBS_set=
ac_cv_env_XML2_LIBS_value=
ac_cv_env_build_alias_set=
ac_cv_env_build_alias_value=
ac_cv_env_host_alias_set=
ac_cv_env_host_alias_value=
ac_cv_env_target_alias_set=
ac_cv_env_target_alias_value=
ac_cv_func_lo_message_serialise=no
ac_cv_func_memset=yes
ac_cv_func_strdup=yes
ac_cv_func_strstr=yes
ac_cv_header_inttypes_h=yes
ac_cv_header_memory_h=yes
ac_cv_header_stdbool_h=yes
ac_cv_header_stdc=yes
ac_cv_header_stdint_h=yes
ac_cv_header_stdlib_h=yes
ac_cv_header_string_h=yes
ac_cv_header_strings_h=yes
ac_cv_header_sys_stat_h=yes
ac_cv_header_sys_types_h=yes
ac_cv_header_unistd_h=yes
ac_cv_objext=o
ac_cv_path_EGREP='/usr/bin/grep -E'
ac_cv_path_GREP=/usr/bin/grep
ac_cv_path_ac_pt_PKG_CONFIG=/usr/bin/pkg-config
ac_cv_path_install='/usr/bin/install -c'
ac_cv_path_mkdir=/usr/bin/mkdir
ac_cv_prog_AWK=gawk
ac_cv_prog_CPP='/usr/bin/gcc -E'
ac_cv_prog_ac_ct_CC=/usr/bin/gcc
ac_cv_prog_cc_c89=
ac_cv_prog_cc_g=yes
ac_cv_prog_cxx_g=yes
ac_cv_prog_make_make_set=yes
ac_cv_type__Bool=yes
ac_cv_type_size_t=yes
am_cv_CC_dependencies_compiler_type=gcc3
am_cv_CXX_dependencies_compiler_type=gcc3
am_cv_make_support_nested_variables=yes
am_cv_prog_cc_c_o=yes
pkg_cv_GLIB_COMPILE_SCHEMAS=/usr/lib/x86_64-linux-gnu/glib-2.0/glib-compile-schemas
pkg_cv_GTKMM3_CFLAGS='-pthread -I/usr/include/gtkmm-3.0 -I/usr/lib/x86_64-linux-gnu/gtkmm-3.0/include -I/usr/include/atkmm-1.6 -I/usr/include/gtk-3.0/unix-print -I/usr/include/gdkmm-3.0 -I/usr/lib/x86_64-linux-gnu/gdkmm-3.0/include -I/usr/include/giomm-2.4 -I/usr/lib/x86_64-linux-gnu/giomm-2.4/include -I/usr/include/pangomm-1.4 -I/usr/lib/x86_64-linux-gnu/pangomm-1.4/include -I/usr/include/glibmm-2.4 -I/usr/lib/x86_64-linux-gnu/glibmm-2.4/include -I/usr/include/gtk-3.0 -I/usr/include/at-spi2-atk/2.0 -I/usr/include/at-spi-2.0 -I/usr/include/dbus-1.0 -I/usr/lib/x86_64-linux-gnu/dbus-1.0/include -I/usr/include/gtk-3.0 -I/usr/include/gio-unix-2.0 -I/usr/include/cairo -I/usr/include/pango-1.0 -I/usr/include/fribidi -I/usr/include/harfbuzz -I/usr/include/atk-1.0 -I/usr/include/cairo -I/usr/include/cairomm-1.0 -I/usr/lib/x86_64-linux-gnu/cairomm-1.0/include -I/usr/include/cairo -I/usr/include/pixman-1 -I/usr/include/uuid -I/usr/include/freetype2 -I/usr/include/libpng16 -I/usr/include/sigc++-2.0 -I/usr/lib/x86_64-linux-gnu/sigc++-2.0/include -I/usr/include/gdk-pixbuf-2.0 -I/usr/include/libmount -I/usr/include/blkid -I/usr/include/glib-2.0 -I/usr/lib/x86_64-linux-gnu/glib-2.0/include'
pkg_cv_GTKMM3_LIBS='-lgtkmm-3.0 -latkmm-1.6 -lgdkmm-3.0 -lgiomm-2.4 -lpangomm-1.4 -lglibmm-2.4 -lgtk-3 -lgdk-3 -lpangocairo-1.0 -lpango-1.0 -lharfbuzz -latk-1.0 -lcairo-gobject -lgio-2.0 -lcairomm-1.0 -lcairo -lsigc-2.0 -lgdk_pixbuf-2.0 -lgobject-2.0 -lglib-2.0'
pkg_cv_LO_CFLAGS=
pkg_cv_LO_LIBS='-llo -lpthread'
pkg_cv_XML2_CFLAGS='-I/usr/include/libxml++-2.6 -I/usr/lib/x86_64-linux-gnu/libxml++-2.6/include -I/usr/include/libxml2 -I/usr/include/glibmm-2.4 -I/usr/lib/x86_64-linux-gnu/glibmm-2.4/include -I/usr/include/glib-2.0 -I/usr/lib/x86_64-linux-gnu/glib-2.0/include -I/usr/include/sigc++-2.0 -I/usr/lib/x86_64-linux-gnu/sigc++-2.0/include'
pkg_cv_XML2_LIBS='-lxml++-2.6 -lxml2 -lglibmm-2.4 -lgobject-2.0 -lglib-2.0 -lsigc-2.0'

## ----------------- ##
## Output variables. ##
## ----------------- ##










		$(INSTALL_DATA) $^ "$(DESTDIR)$(gsettingsschemadir)"; \
		test -n "$(GSETTINGS_DISABLE_SCHEMAS_COMPILE)$(DESTDIR)" || $(GLIB_COMPILE_SCHEMAS) $(gsettingsschemadir); \
		test -z "$(gsettingsschemadir)" || $(MKDIR_P) "$(DESTDIR)$(gsettingsschemadir)"; \
	$(AM_V_GEN) $(GLIB_COMPILE_SCHEMAS) --strict --dry-run $(addprefix --schema-file=,$(gsettings__enum_file)) --schema-file=$< && mkdir -p $(@D) && touch $@
	$(AM_V_GEN) glib-mkenums --comments '\''<!-- @comment@ -->'\'' --fhead "<schemalist>" --vhead "  <@type@ id='\''$(gsettings_ENUM_NAMESPACE).@EnumName@'\''>" --vprod "    <value nick='\''@valuenick@'\'' value='\''@valuenum@'\''/>" --vtail "  </@type@>" --ftail "</schemalist>" $^ > $@.tmp && mv $@.tmp $@
	@$(NORMAL_INSTALL)
	@$(NORMAL_UNINSTALL)
	@list='\''$(gsettings_SCHEMAS) $(gsettings__enum_file)'\''; test -n "$(gsettingsschemadir)" || list=; \
	cd "$(DESTDIR)$(gsettingsschemadir)" && rm -f $$files
	echo " ( cd '\''$(DESTDIR)$(gsettingsschemadir)'\'' && rm -f" $$files ")"; \
	fi
	files=`for p in $$list; do echo $$p; done | sed -e '\''s|^.*/||'\''`; \
	if test -n "$^"; then \
	rm -f $(gsettings_SCHEMAS:.xml=.valid) $(gsettings__enum_file)
	test -n "$$files" || exit 0; \
	test -n "$(GSETTINGS_DISABLE_SCHEMAS_COMPILE)$(DESTDIR)" || $(GLIB_COMPILE_SCHEMAS) $(gsettingsschemadir)
$(gsettings__enum_file): $(gsettings_ENUM_FILES)
%.gschema.valid: %.gschema.xml $(gsettings__enum_file)
.PHONY : uninstall-gsettings-schemas install-gsettings-schemas clean-gsettings-schemas
.SECONDARY: $(gsettings_SCHEMAS)
ACLOCAL='${SHELL} /home/onkel/Projects/github/autoX32/missing aclocal-1.16'
AMDEPBACKSLASH='\'
AMDEP_FALSE='#'
AMDEP_TRUE=''
AMTAR='$${TAR-tar}'
AM_BACKSLASH='\'
AM_DEFAULT_V='$(AM_DEFAULT_VERBOSITY)'
AM_DEFAULT_VERBOSITY='1'
AM_V='$(V)'
AUTOCONF='${SHELL} /home/onkel/Projects/github/autoX32/missing autoconf'
AUTOHEADER='${SHELL} /home/onkel/Projects/github/autoX32/missing autoheader'
AUTOMAKE='${SHELL} /home/onkel/Projects/github/autoX32/missing automake-1.16'
AWK='gawk'
CC='/usr/bin/gcc'
CCDEPMODE='depmode=gcc3'
CFLAGS='-g3 -gdwarf-2'
CPP='/usr/bin/gcc -E'
CPPFLAGS=''
CXX='/usr/bin/g++'
CXXDEPMODE='depmode=gcc3'
CXXFLAGS='-g3 -gdwarf-2'
CYGPATH_W='echo'
DEBUG_FALSE=''
DEBUG_TRUE='#'
DEFS='-DHAVE_CONFIG_H'
DEPDIR='.deps'
ECHO_C=''
ECHO_N='-n'
ECHO_T=''
EGREP='/usr/bin/grep -E'
EXEEXT=''
GLIB_COMPILE_SCHEMAS='/usr/lib/x86_64-linux-gnu/glib-2.0/glib-compile-schemas'
GREP='/usr/bin/grep'
GSETTINGS_DISABLE_SCHEMAS_COMPILE=''
GSETTINGS_RULES='
GTKMM3_CFLAGS='-pthread -I/usr/include/gtkmm-3.0 -I/usr/lib/x86_64-linux-gnu/gtkmm-3.0/include -I/usr/include/atkmm-1.6 -I/usr/include/gtk-3.0/unix-print -I/usr/include/gdkmm-3.0 -I/usr/lib/x86_64-linux-gnu/gdkmm-3.0/include -I/usr/include/giomm-2.4 -I/usr/lib/x86_64-linux-gnu/giomm-2.4/include -I/usr/include/pangomm-1.4 -I/usr/lib/x86_64-linux-gnu/pangomm-1.4/include -I/usr/include/glibmm-2.4 -I/usr/lib/x86_64-linux-gnu/glibmm-2.4/include -I/usr/include/gtk-3.0 -I/usr/include/at-spi2-atk/2.0 -I/usr/include/at-spi-2.0 -I/usr/include/dbus-1.0 -I/usr/lib/x86_64-linux-gnu/dbus-1.0/include -I/usr/include/gtk-3.0 -I/usr/include/gio-unix-2.0 -I/usr/include/cairo -I/usr/include/pango-1.0 -I/usr/include/fribidi -I/usr/include/harfbuzz -I/usr/include/atk-1.0 -I/usr/include/cairo -I/usr/include/cairomm-1.0 -I/usr/lib/x86_64-linux-gnu/cairomm-1.0/include -I/usr/include/cairo -I/usr/include/pixman-1 -I/usr/include/uuid -I/usr/include/freetype2 -I/usr/include/libpng16 -I/usr/include/sigc++-2.0 -I/usr/lib/x86_64-linux-gnu/sigc++-2.0/include -I/usr/include/gdk-pixbuf-2.0 -I/usr/include/libmount -I/usr/include/blkid -I/usr/include/glib-2.0 -I/usr/lib/x86_64-linux-gnu/glib-2.0/include'
GTKMM3_LIBS='-lgtkmm-3.0 -latkmm-1.6 -lgdkmm-3.0 -lgiomm-2.4 -lpangomm-1.4 -lglibmm-2.4 -lgtk-3 -lgdk-3 -lpangocairo-1.0 -lpango-1.0 -lharfbuzz -latk-1.0 -lcairo-gobject -lgio-2.0 -lcairomm-1.0 -lcairo -lsigc-2.0 -lgdk_pixbuf-2.0 -lgobject-2.0 -lglib-2.0'
INSTALL_DATA='${INSTALL} -m 644'
INSTALL_PROGRAM='${INSTALL}'
INSTALL_SCRIPT='${INSTALL}'
INSTALL_STRIP_PROGRAM='$(install_sh) -c -s'
LDFLAGS=''
LIBOBJS=''
LIBS=''
LO_CFLAGS=''
LO_LIBS='-llo -lpthread'
LTLIBOBJS=''
MAKEINFO='${SHELL} /home/onkel/Projects/github/autoX32/missing makeinfo'
MKDIR_P='/usr/bin/mkdir -p'
OBJEXT='o'
PACKAGE='tascamgtk'
PACKAGE_BUGREPORT='onkel@paraair.de'
PACKAGE_NAME='tascamgtk'
PACKAGE_STRING='tascamgtk 0.4'
PACKAGE_TARNAME='tascamgtk'
PACKAGE_URL=''
PACKAGE_VERSION='0.4'
PATH_SEPARATOR=':'
PKG_CONFIG='/usr/bin/pkg-config'
PKG_CONFIG_LIBDIR=''
PKG_CONFIG_PATH=''
SET_MAKE=''
SHELL='/bin/bash'
STRIP=''
VERSION='0.4'
XML2_CFLAGS='-I/usr/include/libxml++-2.6 -I/usr/lib/x86_64-linux-gnu/libxml++-2.6/include -I/usr/include/libxml2 -I/usr/include/glibmm-2.4 -I/usr/lib/x86_64-linux-gnu/glibmm-2.4/include -I/usr/include/glib-2.0 -I/usr/lib/x86_64-linux-gnu/glib-2.0/include -I/usr/include/sigc++-2.0 -I/usr/lib/x86_64-linux-gnu/sigc++-2.0/include'
XML2_LIBS='-lxml++-2.6 -lxml2 -lglibmm-2.4 -lgobject-2.0 -lglib-2.0 -lsigc-2.0'
ac_ct_CC='/usr/bin/gcc'
ac_ct_CXX=''
all-am: $(gsettings_SCHEMAS:.xml=.valid)
am__EXEEXT_FALSE=''
am__EXEEXT_TRUE='#'
am__fastdepCC_FALSE='#'
am__fastdepCC_TRUE=''
am__fastdepCXX_FALSE='#'
am__fastdepCXX_TRUE=''
am__include='include'
am__isrc=''
am__leading_dot='.'
am__nodep='_no'
am__quote=''
am__tar='$${TAR-tar} chof - "$$tardir"'
am__untar='$${TAR-tar} xf -'
bindir='${exec_prefix}/bin'
build_alias=''
clean-gsettings-schemas:
datadir='${datarootdir}'
datarootdir='${prefix}/share'
docdir='${datarootdir}/doc/${PACKAGE_TARNAME}'
dvidir='${docdir}'
endif'
exec_prefix='${prefix}'
gsettings__enum_file = $(addsuffix .enums.xml,$(gsettings_ENUM_NAMESPACE))
gsettingsschemadir='${datarootdir}/glib-2.0/schemas'
host_alias=''
htmldir='${docdir}'
ifdef gsettings_ENUM_NAMESPACE
includedir='${prefix}/include'
infodir='${datarootdir}/info'
install-data-am: install-gsettings-schemas
install-gsettings-schemas: $(gsettings_SCHEMAS) $(gsettings__enum_file)
install_sh='${SHELL} /home/onkel/Projects/github/autoX32/install-sh'
libdir='${exec_prefix}/lib'
libexecdir='${exec_prefix}/libexec'
localedir='${datarootdir}/locale'
localstatedir='${prefix}/var'
mandir='${datarootdir}/man'
mkdir_p='$(MKDIR_P)'
mostlyclean-am: clean-gsettings-schemas
oldincludedir='/usr/include'
pdfdir='${docdir}'
prefix='/usr/local'
program_transform_name='s,x,x,'
psdir='${docdir}'
runstatedir='${localstatedir}/run'
sbindir='${exec_prefix}/sbin'
sharedstatedir='${prefix}/com'
sysconfdir='${prefix}/etc'
target_alias=''
uninstall-am: uninstall-gsettings-schemas
uninstall-gsettings-schemas:

## ----------- ##
## confdefs.h. ##
## ----------- ##

/* confdefs.h */
#define PACKAGE_NAME "tascamgtk"
#define PACKAGE_TARNAME "tascamgtk"
#define PACKAGE_VERSION "0.4"
#define PACKAGE_STRING "tascamgtk 0.4"
#define PACKAGE_BUGREPORT "onkel@paraair.de"
#define PACKAGE_URL ""
#define PACKAGE "tascamgtk"
#define VERSION "0.4"
#define STDC_HEADERS 1
#define HAVE_SYS_TYPES_H 1
#define HAVE_SYS_STAT_H 1
#define HAVE_STDLIB_H 1
#define HAVE_STRING_H 1
#define HAVE_MEMORY_H 1
#define HAVE_STRINGS_H 1
#define HAVE_INTTYPES_H 1
#define HAVE_STDINT_H 1
#define HAVE_UNISTD_H 1
#define HAVE__BOOL 1
#define HAVE_MEMSET 1
#define HAVE_STRDUP 1
#define HAVE_STRSTR 1

configure: exit 0
